This is pdfTeX, Version 3.14159265-2.6-1.40.19 (TeX Live 2018) (preloaded format=pdflatex 2018.9.28)  14 JUN 2020 08:32
entering extended mode
 restricted \write18 enabled.
 %&-line parsing enabled.
**True_Uncertainty_of_Water_Level_Measurements_after_Addressing_Temperature_Eff
ects.tex

(./True_Uncertainty_of_Water_Level_Measurements_after_Addressing_Temperature_Ef
fects.tex
LaTeX2e <2018-04-01> patch level 5
(./agujournal2018.cls
Document Class: agujournal2018 08/23/2018
(/usr/local/texlive/2018/texmf-dist/tex/latex/graphics/graphicx.sty
Package: graphicx 2017/06/01 v1.1a Enhanced LaTeX Graphics (DPC,SPQR)
(/usr/local/texlive/2018/texmf-dist/tex/latex/graphics/keyval.sty
Package: keyval 2014/10/28 v1.15 key=value parser (DPC)
\KV@toks@=\toks14
) (/usr/local/texlive/2018/texmf-dist/tex/latex/graphics/graphics.sty
Package: graphics 2017/06/25 v1.2c Standard LaTeX Graphics (DPC,SPQR)
(/usr/local/texlive/2018/texmf-dist/tex/latex/graphics/trig.sty
Package: trig 2016/01/03 v1.10 sin cos tan (DPC)
) (/usr/local/texlive/2018/texmf-dist/tex/latex/graphics-cfg/graphics.cfg
File: graphics.cfg 2016/06/04 v1.11 sample graphics configuration
)
Package graphics Info: Driver file: pdftex.def on input line 99.
(/usr/local/texlive/2018/texmf-dist/tex/latex/graphics-def/pdftex.def
File: pdftex.def 2018/01/08 v1.0l Graphics/color driver for pdftex
))
\Gin@req@height=\dimen102
\Gin@req@width=\dimen103
) (/usr/local/texlive/2018/texmf-dist/tex/latex/xcolor/xcolor.sty
Package: xcolor 2016/05/11 v2.12 LaTeX color extensions (UK)
(/usr/local/texlive/2018/texmf-dist/tex/latex/graphics-cfg/color.cfg
File: color.cfg 2016/01/02 v1.6 sample color configuration
)
Package xcolor Info: Driver file: pdftex.def on input line 225.
Package xcolor Info: Model `cmy' substituted by `cmy0' on input line 1348.
Package xcolor Info: Model `hsb' substituted by `rgb' on input line 1352.
Package xcolor Info: Model `RGB' extended on input line 1364.
Package xcolor Info: Model `HTML' substituted by `rgb' on input line 1366.
Package xcolor Info: Model `Hsb' substituted by `hsb' on input line 1367.
Package xcolor Info: Model `tHsb' substituted by `hsb' on input line 1368.
Package xcolor Info: Model `HSB' substituted by `hsb' on input line 1369.
Package xcolor Info: Model `Gray' substituted by `gray' on input line 1370.
Package xcolor Info: Model `wave' substituted by `hsb' on input line 1371.
) (/usr/local/texlive/2018/texmf-dist/tex/latex/url/url.sty
\Urlmuskip=\muskip10
Package: url 2013/09/16  ver 3.4  Verb mode for urls, etc.
) (./trackchanges.sty
Package: trackchanges 2009/04/22 v0.7.0 TrackChanges file 
(/usr/local/texlive/2018/texmf-dist/tex/latex/base/ifthen.sty
Package: ifthen 2014/09/29 v1.1c Standard LaTeX ifthen package (DPC)
) (/usr/local/texlive/2018/texmf-dist/tex/latex/tools/calc.sty
Package: calc 2017/05/25 v4.3 Infix arithmetic (KKT,FJ)
\calc@Acount=\count80
\calc@Bcount=\count81
\calc@Adimen=\dimen104
\calc@Bdimen=\dimen105
\calc@Askip=\skip41
\calc@Bskip=\skip42
LaTeX Info: Redefining \setlength on input line 80.
LaTeX Info: Redefining \addtolength on input line 81.
\calc@Ccount=\count82
\calc@Cskip=\skip43
) (/usr/local/texlive/2018/texmf-dist/tex/latex/soul/soul.sty
Package: soul 2003/11/17 v2.4 letterspacing/underlining (mf)
\SOUL@word=\toks15
\SOUL@lasttoken=\toks16
\SOUL@cmds=\toks17
\SOUL@buffer=\toks18
\SOUL@token=\toks19
\SOUL@spaceskip=\skip44
\SOUL@ttwidth=\dimen106
\SOUL@uldp=\dimen107
\SOUL@ulht=\dimen108
) (/usr/local/texlive/2018/texmf-dist/tex/latex/morefloats/morefloats.sty
Package: morefloats 2015/07/22 v1.0h Raise limit of unprocessed floats (HMM)
(/usr/local/texlive/2018/texmf-dist/tex/latex/oberdiek/kvoptions.sty
Package: kvoptions 2016/05/16 v3.12 Key value format for package options (HO)
(/usr/local/texlive/2018/texmf-dist/tex/generic/oberdiek/ltxcmds.sty
Package: ltxcmds 2016/05/16 v1.23 LaTeX kernel commands for general use (HO)
) (/usr/local/texlive/2018/texmf-dist/tex/generic/oberdiek/kvsetkeys.sty
Package: kvsetkeys 2016/05/16 v1.17 Key value parser (HO)
(/usr/local/texlive/2018/texmf-dist/tex/generic/oberdiek/infwarerr.sty
Package: infwarerr 2016/05/16 v1.4 Providing info/warning/error messages (HO)
) (/usr/local/texlive/2018/texmf-dist/tex/generic/oberdiek/etexcmds.sty
Package: etexcmds 2016/05/16 v1.6 Avoid name clashes with e-TeX commands (HO)
(/usr/local/texlive/2018/texmf-dist/tex/generic/oberdiek/ifluatex.sty
Package: ifluatex 2016/05/16 v1.4 Provides the ifluatex switch (HO)
Package ifluatex Info: LuaTeX not detected.
)
Package etexcmds Info: Could not find \expanded.
(etexcmds)             That can mean that you are not using pdfTeX 1.50 or
(etexcmds)             that some package has redefined \expanded.
(etexcmds)             In the latter case, load this package earlier.
)))
Package morefloats Info: Maximum number of possible floats asked for: 36
(morefloats)             (i.e. 18 more floats).
(morefloats)             LaTeX might run out of memory before this
(morefloats)             (in which case it will notify you).
)
\c@userid=\count83
\c@changenumber=\count84
\c@storefootnote=\count85
\c@numeditors=\count86
\c@maxeditors=\count87
) (/usr/local/texlive/2018/texmf-dist/tex/latex/lineno/lineno.sty
Package: lineno 2005/11/02 line numbers on paragraphs v4.41
\linenopenalty=\count88
\output=\toks20
\linenoprevgraf=\count89
\linenumbersep=\dimen109
\linenumberwidth=\dimen110
\c@linenumber=\count90
\c@pagewiselinenumber=\count91
\c@LN@truepage=\count92
\c@internallinenumber=\count93
\c@internallinenumbers=\count94
\quotelinenumbersep=\dimen111
\bframerule=\dimen112
\bframesep=\dimen113
\bframebox=\box26
LaTeX Info: Redefining \\ on input line 3056.
) (/usr/local/texlive/2018/texmf-dist/tex/latex/tools/indentfirst.sty
Package: indentfirst 1995/11/23 v1.03 Indent first paragraph (DPC)
) (/usr/local/texlive/2018/texmf-dist/tex/latex/ms/ragged2e.sty
Package: ragged2e 2009/05/21 v2.1 ragged2e Package (MS)
(/usr/local/texlive/2018/texmf-dist/tex/latex/ms/everysel.sty
Package: everysel 2011/10/28 v1.2 EverySelectfont Package (MS)
)
\CenteringLeftskip=\skip45
\RaggedLeftLeftskip=\skip46
\RaggedRightLeftskip=\skip47
\CenteringRightskip=\skip48
\RaggedLeftRightskip=\skip49
\RaggedRightRightskip=\skip50
\CenteringParfillskip=\skip51
\RaggedLeftParfillskip=\skip52
\RaggedRightParfillskip=\skip53
\JustifyingParfillskip=\skip54
\CenteringParindent=\skip55
\RaggedLeftParindent=\skip56
\RaggedRightParindent=\skip57
\JustifyingParindent=\skip58
) (/usr/local/texlive/2018/texmf-dist/tex/latex/graphics/rotating.sty
Package: rotating 2016/08/11 v2.16d rotated objects in LaTeX
\c@r@tfl@t=\count95
\rotFPtop=\skip59
\rotFPbot=\skip60
\rot@float@box=\box27
\rot@mess@toks=\toks21
) (/usr/local/texlive/2018/texmf-dist/tex/generic/ulem/ulem.sty
\UL@box=\box28
\UL@hyphenbox=\box29
\UL@skip=\skip61
\UL@hook=\toks22
\UL@height=\dimen114
\UL@pe=\count96
\UL@pixel=\dimen115
\ULC@box=\box30
Package: ulem 2012/05/18
\ULdepth=\dimen116
)
\draftskip=\count97
\c@section=\count98
\c@subsection=\count99
\c@subsubsection=\count100
\c@paragraph=\count101
\c@subparagraph=\count102
\c@figure=\count103
\c@table=\count104
\abovecaptionskip=\skip62
\belowcaptionskip=\skip63
\c@appendnum=\count105
\bibindent=\dimen117
(/usr/local/texlive/2018/texmf-dist/tex/latex/apacite/apacite.sty
Package: apacite 2013/07/21 v6.03 APA citation
\c@BibCnt=\count106
\bibleftmargin=\skip64
\bibindent=\skip65
\bibparsep=\skip66
\bibitemsep=\skip67
\biblabelsep=\skip68
) (/usr/local/texlive/2018/texmf-dist/tex/latex/natbib/natbib.sty
Package: natbib 2010/09/13 8.31b (PWD, AO)
\bibhang=\skip69
\bibsep=\skip70
LaTeX Info: Redefining \cite on input line 694.
\c@NAT@ctr=\count107
)
LaTeX Info: Redefining \BBA on input line 1149.
) (/usr/local/texlive/2018/texmf-dist/tex/generic/oberdiek/soulutf8.sty
Package: soulutf8 2016/05/16 v1.1 Permit use of UTF-8 characters in soul (HO)
)
(./True_Uncertainty_of_Water_Level_Measurements_after_Addressing_Temperature_Ef
fects.aux)
\openout1 = `True_Uncertainty_of_Water_Level_Measurements_after_Addressing_Temp
erature_Effects.aux'.

LaTeX Font Info:    Checking defaults for OML/cmm/m/it on input line 70.
LaTeX Font Info:    ... okay on input line 70.
LaTeX Font Info:    Checking defaults for T1/cmr/m/n on input line 70.
LaTeX Font Info:    ... okay on input line 70.
LaTeX Font Info:    Checking defaults for OT1/cmr/m/n on input line 70.
LaTeX Font Info:    ... okay on input line 70.
LaTeX Font Info:    Checking defaults for OMS/cmsy/m/n on input line 70.
LaTeX Font Info:    ... okay on input line 70.
LaTeX Font Info:    Checking defaults for OMX/cmex/m/n on input line 70.
LaTeX Font Info:    ... okay on input line 70.
LaTeX Font Info:    Checking defaults for U/cmr/m/n on input line 70.
LaTeX Font Info:    ... okay on input line 70.
(/usr/local/texlive/2018/texmf-dist/tex/context/base/mkii/supp-pdf.mkii
[Loading MPS to PDF converter (version 2006.09.02).]
\scratchcounter=\count108
\scratchdimen=\dimen118
\scratchbox=\box31
\nofMPsegments=\count109
\nofMParguments=\count110
\everyMPshowfont=\toks23
\MPscratchCnt=\count111
\MPscratchDim=\dimen119
\MPnumerator=\count112
\makeMPintoPDFobject=\count113
\everyMPtoPDFconversion=\toks24
) (/usr/local/texlive/2018/texmf-dist/tex/latex/oberdiek/epstopdf-base.sty
Package: epstopdf-base 2016/05/15 v2.6 Base part for package epstopdf
(/usr/local/texlive/2018/texmf-dist/tex/latex/oberdiek/grfext.sty
Package: grfext 2016/05/16 v1.2 Manage graphics extensions (HO)
(/usr/local/texlive/2018/texmf-dist/tex/generic/oberdiek/kvdefinekeys.sty
Package: kvdefinekeys 2016/05/16 v1.4 Define keys (HO)
)) (/usr/local/texlive/2018/texmf-dist/tex/generic/oberdiek/pdftexcmds.sty
Package: pdftexcmds 2018/09/10 v0.29 Utility functions of pdfTeX for LuaTeX (HO
)
(/usr/local/texlive/2018/texmf-dist/tex/generic/oberdiek/ifpdf.sty
Package: ifpdf 2018/09/07 v3.3 Provides the ifpdf switch
)
Package pdftexcmds Info: LuaTeX not detected.
Package pdftexcmds Info: \pdf@primitive is available.
Package pdftexcmds Info: \pdf@ifprimitive is available.
Package pdftexcmds Info: \pdfdraftmode found.
)
Package epstopdf-base Info: Redefining graphics rule for `.eps' on input line 4
38.
Package grfext Info: Graphics extension search list:
(grfext)             [.pdf,.png,.jpg,.mps,.jpeg,.jbig2,.jb2,.PDF,.PNG,.JPG,.JPE
G,.JBIG2,.JB2,.eps]
(grfext)             \AppendGraphicsExtensions on input line 456.
(/usr/local/texlive/2018/texmf-dist/tex/latex/latexconfig/epstopdf-sys.cfg
File: epstopdf-sys.cfg 2010/07/13 v1.3 Configuration of (r)epstopdf for TeX Liv
e
))

Package trackchanges Warning: TrackChanges is not compatable with the 
(trackchanges)                'ulem' package.
(trackchanges)                Use the 'soul' package instead.

ABD: EverySelectfont initializing macros
LaTeX Info: Redefining \selectfont on input line 70.
\c@maskedRefs=\count114
(/usr/local/texlive/2018/texmf-dist/tex/latex/apacite/english.apc
File: english.apc 2013/07/21 v6.03 apacite language file
LaTeX Info: Redefining \BPBI on input line 129.
LaTeX Info: Redefining \BHBI on input line 130.
)
LaTeX Font Info:    External font `cmex10' loaded for size
(Font)              <7> on input line 109.
LaTeX Font Info:    External font `cmex10' loaded for size
(Font)              <5> on input line 109.
LaTeX Font Info:    Try loading font information for OMS+cmr on input line 109.

(/usr/local/texlive/2018/texmf-dist/tex/latex/base/omscmr.fd
File: omscmr.fd 2014/09/29 v2.5h Standard LaTeX font definitions
)
LaTeX Font Info:    Font shape `OMS/cmr/m/n' in size <7> not available
(Font)              Font shape `OMS/cmsy/m/n' tried instead on input line 109.
LaTeX Font Info:    External font `cmex10' loaded for size
(Font)              <8> on input line 109.
LaTeX Font Info:    External font `cmex10' loaded for size
(Font)              <6> on input line 109.
LaTeX Font Info:    Font shape `OMS/cmr/m/n' in size <6> not available
(Font)              Font shape `OMS/cmsy/m/n' tried instead on input line 109.
[1{/usr/local/texlive/2018/texmf-var/fonts/map/pdftex/updmap/pdftex.map}]
Overfull \hbox (25.01576pt too wide) in paragraph at lines 164--169
\OT1/cmr/m/n/10 A good ab-stract will be-gin with a short de-scrip-tion of the 
prob-lem be-ing ad-dressed, briefly 
 []


Overfull \hbox (1.43231pt too wide) in paragraph at lines 164--169
\OT1/cmr/m/n/10 de-scribe the new data or anal-y-ses, then briefly states the m
ain con-clu-sion(s) and how 
 []


Overfull \hbox (28.84923pt too wide) in paragraph at lines 172--174
\OT1/cmr/m/n/10 Some jour-nals re-quire a plain lan-guage sum-mary. See: https:
//publications.agu.org/author- 
 []


LaTeX Font Warning: Font shape `OT1/cmr/m/n' in size <10.5> not available
(Font)              size <10.95> substituted on input line 177.


LaTeX Font Warning: Font shape `OT1/cmr/bx/n' in size <10.5> not available
(Font)              size <10.95> substituted on input line 177.


Overfull \hbox (5.37665pt too wide) in paragraph at lines 179--186
[]\OT1/cmr/m/n/10 Much re-search in and mon-i-tor-ing of wa-ter lev-els for wel
ls, wet-land sur-face wa-ter, 
 []


Overfull \hbox (18.53899pt too wide) in paragraph at lines 179--186
\OT1/cmr/m/n/10 and stream dis-charge \OT1/cmr/bx/n/10 (sewer dis-charge and ot
her ap-pli-ca-tions too) \OT1/cmr/m/n/10 uti-lize pressure- 
 []


Overfull \hbox (4.04335pt too wide) in paragraph at lines 179--186
\OT1/cmr/m/n/10 transducer mea-sure-ments. There are known ar-ti-facts to these
 mea-sure-ments when the 
 []


Overfull \hbox (11.79341pt too wide) in paragraph at lines 179--186
\OT1/cmr/m/n/10 tem-per-a-ture of lev-el-log-gers is not ad-dressed (Moore, Vas
-con-ce-los, Zech, & Soares, 2016) 
 []


Overfull \hbox (29.1268pt too wide) in paragraph at lines 179--186
\OT1/cmr/m/n/10 or when the baro-met-ric log-ger and wa-ter log-ger are not de-
ployed in sim-i-lar ther-mal regimes 
 []


Overfull \hbox (3.76561pt too wide) in paragraph at lines 189--192
[]\OT1/cmr/m/n/10 We have con-ducted four ex-per-i-ments to de-ter-mine the di-
rect im-pact of tem-per-a- 
 []


Overfull \hbox (7.59892pt too wide) in paragraph at lines 189--192
\OT1/cmr/m/n/10 ture regimes on lev-el-log-ger wa-ter and baro-met-ric mea-sure
-ments as well as tem-per-a-ture 
 []


Overfull \hbox (2.01555pt too wide) in paragraph at lines 195--197
[]\OT1/cmr/m/n/10 Do not use bul-leted lists; enu-mer-ated lists are okay. Use 
#. for list for a cleaner 
 []


Underfull \vbox (badness 10000) has occurred while \output is active []

[2]
Overfull \hbox (16.18227pt too wide) in paragraph at lines 211--213
[]\OT1/cmr/m/n/10 As of 2018 we rec-om-mend use of the TrackChanges pack-age to
 mark re-vi-sions. The 
 []

LaTeX Font Info:    Font shape `OMS/cmr/m/n' in size <10> not available
(Font)              Font shape `OMS/cmsy/m/n' tried instead on input line 214.

Overfull \hbox (5.59889pt too wide) in paragraph at lines 230--235
[]\OT1/cmr/m/n/10 Enter Fig-ures and Ta-bles near as pos-si-ble to where they a
re first men-tioned: DO 
 []


Overfull \hbox (37.21027pt too wide) in paragraph at lines 230--235
\OT1/cmr/m/n/10 NOT USE \OMS/cmsy/m/n/10 n\OT1/cmr/m/n/10 psfrag or \OMS/cmsy/m
/n/10 n\OT1/cmr/m/n/10 subfigure com-mands. DO NOT USE \OMS/cmsy/m/n/10 n\OT1/c
mr/m/n/10 newcommand, \OMS/cmsy/m/n/10 n\OT1/cmr/m/n/10 renewcommand, 
 []

<True_Uncertainty_of_Water_Level_Measurements_after_Addressing_Temperature_Effe
cts_files/figure-latex/unnamed-chunk-2-1.pdf, id=22, 434.62375pt x 250.9375pt>
File: True_Uncertainty_of_Water_Level_Measurements_after_Addressing_Temperature
_Effects_files/figure-latex/unnamed-chunk-2-1.pdf Graphic file (type pdf)
<use True_Uncertainty_of_Water_Level_Measurements_after_Addressing_Temperature_
Effects_files/figure-latex/unnamed-chunk-2-1.pdf>
Package pdftex.def Info: True_Uncertainty_of_Water_Level_Measurements_after_Add
ressing_Temperature_Effects_files/figure-latex/unnamed-chunk-2-1.pdf  used on i
nput line 237.
(pdftex.def)             Requested size: 434.62268pt x 250.93687pt.

Overfull \hbox (37.1377pt too wide) in paragraph at lines 237--237
[][] 
 []


LaTeX Warning: `h' float specifier changed to `ht'.

LaTeX Font Info:    External font `cmex10' loaded for size
(Font)              <9> on input line 243.

Overfull \hbox (2.25162pt too wide) in paragraph at lines 262--264
[]\OT1/cmr/m/n/10 AGU prefers the use of \OMS/cmsy/m/n/10 f\OT1/cmr/m/n/10 side
waystable\OMS/cmsy/m/n/10 g \OT1/cmr/m/n/10 over \OMS/cmsy/m/n/10 f\OT1/cmr/m/n
/10 landscapetable\OMS/cmsy/m/n/10 g \OT1/cmr/m/n/10 as it causes fewer 
 []

<True_Uncertainty_of_Water_Level_Measurements_after_Addressing_Temperature_Effe
cts_files/figure-latex/unnamed-chunk-3-1.pdf, id=23, 434.62375pt x 250.9375pt>
File: True_Uncertainty_of_Water_Level_Measurements_after_Addressing_Temperature
_Effects_files/figure-latex/unnamed-chunk-3-1.pdf Graphic file (type pdf)
<use True_Uncertainty_of_Water_Level_Measurements_after_Addressing_Temperature_
Effects_files/figure-latex/unnamed-chunk-3-1.pdf>
Package pdftex.def Info: True_Uncertainty_of_Water_Level_Measurements_after_Add
ressing_Temperature_Effects_files/figure-latex/unnamed-chunk-3-1.pdf  used on i
nput line 266.
(pdftex.def)             Requested size: 434.62268pt x 250.93687pt.

Overfull \hbox (2.2657pt too wide) in paragraph at lines 278--281
[]\OT1/cmr/m/n/10 If us-ing num-bered lines, please sur-round equa-tions with \
OMS/cmsy/m/n/10 n\OT1/cmr/m/n/10 begin\OMS/cmsy/m/n/10 f\OT1/cmr/m/n/10 linenom
ath*\OMS/cmsy/m/n/10 g\OT1/cmr/m/n/10 ... 
 []


Underfull \vbox (badness 10000) has occurred while \output is active []

[3]
Underfull \vbox (badness 10000) has occurred while \output is active []

[4 <./True_Uncertainty_of_Water_Level_Measurements_after_Addressing_Temperature
_Effects_files/figure-latex/unnamed-chunk-2-1.pdf>] [5 <./True_Uncertainty_of_W
ater_Level_Measurements_after_Addressing_Temperature_Effects_files/figure-latex
/unnamed-chunk-3-1.pdf>]
Overfull \hbox (4.35988pt too wide) in paragraph at lines 322--326
[]\OT1/cmr/m/n/10 Equation in German-born physi-cist Al-bert Ein-stein's the-or
y of spe-cial rel-a- 
 []


Overfull \hbox (8.43468pt too wide) in paragraph at lines 322--326
\OT1/cmr/m/n/10 tiv-ity that showed that the in-creased rel-a-tivis-tic mass ($
\OML/cmm/m/it/10 m$\OT1/cmr/m/n/10 ) of a body comes from 
 []


Overfull \hbox (11.25182pt too wide) in paragraph at lines 322--326
\OT1/cmr/m/n/10 the en-ergy of mo-tion of the body|that is, its ki-netic en-erg
y ($\OML/cmm/m/it/10 E$\OT1/cmr/m/n/10 )|divided by the 
 []


Overfull \hbox (1.70999pt too wide) in paragraph at lines 330--333
[]\OT1/cmr/m/n/10 The ac-knowl-edg-ments must list: A state-ment that in-di-cat
es to the reader where 
 []


Overfull \hbox (10.46014pt too wide) in paragraph at lines 330--333
\OT1/cmr/m/n/10 the data sup-port-ing the con-clu-sions can be ob-tained (for e
x-am-ple, in the ref-er-ences, ta- 
 []


Overfull \hbox (6.2935pt too wide) in paragraph at lines 338--340
[]\OT1/cmr/m/n/10 Other af-fil-i-a-tions for any au-thor that may be per-ceived
 as hav-ing a con-flict of in- 
 []


Underfull \vbox (badness 10000) has occurred while \output is active []

[6] [7]
(./True_Uncertainty_of_Water_Level_Measurements_after_Addressing_Temperature_Ef
fects.bbl
Underfull \hbox (badness 6978) in paragraph at lines 79--96
[]\OT1/cmr/m/n/10 Moore, M. F., Vas-con-ce-los, J. G., Zech, W. C., & Soares, E
. P.  (2016, De-cem-ber). 
 []

) [8]
(./True_Uncertainty_of_Water_Level_Measurements_after_Addressing_Temperature_Ef
fects.aux)

LaTeX Font Warning: Size substitutions with differences
(Font)              up to 0.45pt have occurred.

 ) 
Here is how much of TeX's memory you used:
 3725 strings out of 492639
 52614 string characters out of 6129287
 126344 words of memory out of 5000000
 7532 multiletter control sequences out of 15000+600000
 12230 words of font info for 43 fonts, out of 8000000 for 9000
 1147 hyphenation exceptions out of 8191
 50i,10n,37p,427b,332s stack positions out of 5000i,500n,10000p,200000b,80000s
</usr/local/texlive/2018/texmf-dist/fonts/type1/public/amsfonts/cm/cmbx10.pfb
></usr/local/texlive/2018/texmf-dist/fonts/type1/public/amsfonts/cm/cmbx12.pfb>
</usr/local/texlive/2018/texmf-dist/fonts/type1/public/amsfonts/cm/cmbx7.pfb></
usr/local/texlive/2018/texmf-dist/fonts/type1/public/amsfonts/cm/cmbx9.pfb></us
r/local/texlive/2018/texmf-dist/fonts/type1/public/amsfonts/cm/cmmi10.pfb></usr
/local/texlive/2018/texmf-dist/fonts/type1/public/amsfonts/cm/cmmi6.pfb></usr/l
ocal/texlive/2018/texmf-dist/fonts/type1/public/amsfonts/cm/cmmi7.pfb></usr/loc
al/texlive/2018/texmf-dist/fonts/type1/public/amsfonts/cm/cmmib10.pfb></usr/loc
al/texlive/2018/texmf-dist/fonts/type1/public/amsfonts/cm/cmr10.pfb></usr/local
/texlive/2018/texmf-dist/fonts/type1/public/amsfonts/cm/cmr6.pfb></usr/local/te
xlive/2018/texmf-dist/fonts/type1/public/amsfonts/cm/cmr7.pfb></usr/local/texli
ve/2018/texmf-dist/fonts/type1/public/amsfonts/cm/cmr8.pfb></usr/local/texlive/
2018/texmf-dist/fonts/type1/public/amsfonts/cm/cmr9.pfb></usr/local/texlive/201
8/texmf-dist/fonts/type1/public/amsfonts/cm/cmss8.pfb></usr/local/texlive/2018/
texmf-dist/fonts/type1/public/amsfonts/cm/cmsy10.pfb></usr/local/texlive/2018/t
exmf-dist/fonts/type1/public/amsfonts/cm/cmsy5.pfb></usr/local/texlive/2018/tex
mf-dist/fonts/type1/public/amsfonts/cm/cmsy6.pfb></usr/local/texlive/2018/texmf
-dist/fonts/type1/public/amsfonts/cm/cmsy7.pfb></usr/local/texlive/2018/texmf-d
ist/fonts/type1/public/amsfonts/cm/cmti10.pfb></usr/local/texlive/2018/texmf-di
st/fonts/type1/public/amsfonts/cm/cmti9.pfb></usr/local/texlive/2018/texmf-dist
/fonts/type1/public/amsfonts/cm/cmtt9.pfb>
Output written on True_Uncertainty_of_Water_Level_Measurements_after_Addressing
_Temperature_Effects.pdf (8 pages, 237693 bytes).
PDF statistics:
 131 PDF objects out of 1000 (max. 8388607)
 93 compressed objects within 1 object stream
 0 named destinations out of 1000 (max. 500000)
 11 words of extra memory for PDF output out of 10000 (max. 10000000)

